*** Starting uWSGI 2.0.28 (64bit) on [Sun Mar  9 10:48:41 2025] ***
compiled with version: 13.2.0 on 01 January 1980 00:00:00
os: Linux-6.2.16 #1-NixOS SMP PREEMPT_DYNAMIC Tue Jan  1 00:00:00 UTC 1980
nodename: 99f49ff5867c
machine: x86_64
clock source: unix
detected number of CPU cores: 8
current working directory: /home/runner/workspace
detected binary path: /home/runner/workspace/.pythonlibs/bin/uwsgi
!!! no internal routing support, rebuild with pcre support !!!
your memory page size is 4096 bytes
 *** WARNING: you have enabled harakiri without post buffering. Slow upload could be rejected on post-unbuffered webservers *** 
detected max file descriptor number: 83886
!!! no /etc/mime.types file found !!!
lock engine: pthread robust mutexes
thunder lock: disabled (you can enable it with --thunder-lock)
uWSGI http bound on 0.0.0.0:5000 fd 9
uwsgi socket 0 bound to TCP address 127.0.0.1:8000 fd 12
Python version: 3.11.10 (main, Sep  7 2024, 01:03:31) [GCC 13.3.0]
Python main interpreter initialized at 0x7fcadd7b5b18
python threads support enabled
your server socket listen backlog is limited to 100 connections
your mercy for graceful operations on workers is 60 seconds
mapped 250032 bytes (244 KB) for 4 cores
*** Operational MODE: preforking+threaded ***
spawned uWSGI master process (pid: 4394)
spawned uWSGI worker 1 (pid: 4401, cores: 2)
spawned uWSGI worker 2 (pid: 4402, cores: 2)
*** Stats server enabled on 127.0.0.1:9191 fd: 20 ***
spawned uWSGI http 1 (pid: 4403)
Python auto-reloader enabled
Warning: ADMIN_PASSWORD environment variable not set. Using default password 'admin'.
Warning: ADMIN_PASSWORD environment variable not set. Using default password 'admin'.
WSGI app 0 (mountpoint='') ready in 0 seconds on interpreter 0x7fcadd7b5b18 pid: 4401 (default app)
WSGI app 0 (mountpoint='') ready in 0 seconds on interpreter 0x7fcadd7b5b18 pid: 4402 (default app)
gateway "uWSGI http 1" has been buried (pid: 4403)
...brutally killing workers...
*** Starting uWSGI 2.0.28 (64bit) on [Sun Mar  9 10:49:07 2025] ***
compiled with version: 13.2.0 on 01 January 1980 00:00:00
os: Linux-6.2.16 #1-NixOS SMP PREEMPT_DYNAMIC Tue Jan  1 00:00:00 UTC 1980
nodename: 99f49ff5867c
machine: x86_64
clock source: unix
detected number of CPU cores: 8
current working directory: /home/runner/workspace
detected binary path: /home/runner/workspace/.pythonlibs/bin/uwsgi
!!! no internal routing support, rebuild with pcre support !!!
your memory page size is 4096 bytes
 *** WARNING: you have enabled harakiri without post buffering. Slow upload could be rejected on post-unbuffered webservers *** 
detected max file descriptor number: 83886
!!! no /etc/mime.types file found !!!
lock engine: pthread robust mutexes
thunder lock: disabled (you can enable it with --thunder-lock)
uWSGI http bound on 0.0.0.0:5000 fd 10
uwsgi socket 0 bound to TCP address 127.0.0.1:35425 (port auto-assigned) fd 9
Python version: 3.11.10 (main, Sep  7 2024, 01:03:31) [GCC 13.3.0]
Python main interpreter initialized at 0x7fdb48d0fb18
python threads support enabled
your server socket listen backlog is limited to 100 connections
your mercy for graceful operations on workers is 60 seconds
mapped 250032 bytes (244 KB) for 4 cores
*** Operational MODE: preforking+threaded ***
gracefully (RE)spawned uWSGI master process (pid: 4394)
spawned uWSGI worker 1 (pid: 4584, cores: 2)
spawned uWSGI worker 2 (pid: 4585, cores: 2)
*** Stats server enabled on 127.0.0.1:9191 fd: 19 ***
spawned uWSGI http 1 (pid: 4586)
Python auto-reloader enabled
Warning: ADMIN_PASSWORD environment variable not set. Using default password 'admin'.
Warning: ADMIN_PASSWORD environment variable not set. Using default password 'admin'.
WSGI app 0 (mountpoint='') ready in 0 seconds on interpreter 0x7fdb48d0fb18 pid: 4585 (default app)
WSGI app 0 (mountpoint='') ready in 0 seconds on interpreter 0x7fdb48d0fb18 pid: 4584 (default app)
*** Starting uWSGI 2.0.28 (64bit) on [Sun Mar  9 10:49:12 2025] ***
compiled with version: 13.2.0 on 01 January 1980 00:00:00
os: Linux-6.2.16 #1-NixOS SMP PREEMPT_DYNAMIC Tue Jan  1 00:00:00 UTC 1980
nodename: 99f49ff5867c
machine: x86_64
clock source: unix
detected number of CPU cores: 8
current working directory: /home/runner/workspace
detected binary path: /home/runner/workspace/.pythonlibs/bin/uwsgi
!!! no internal routing support, rebuild with pcre support !!!
your memory page size is 4096 bytes
 *** WARNING: you have enabled harakiri without post buffering. Slow upload could be rejected on post-unbuffered webservers *** 
detected max file descriptor number: 83886
!!! no /etc/mime.types file found !!!
lock engine: pthread robust mutexes
thunder lock: disabled (you can enable it with --thunder-lock)
uWSGI http bound on 0.0.0.0:5000 fd 10
uwsgi socket 0 bound to TCP address 127.0.0.1:36575 (port auto-assigned) fd 9
Python version: 3.11.10 (main, Sep  7 2024, 01:03:31) [GCC 13.3.0]
Python main interpreter initialized at 0x7f100fb25b18
python threads support enabled
your server socket listen backlog is limited to 100 connections
your mercy for graceful operations on workers is 60 seconds
mapped 250032 bytes (244 KB) for 4 cores
*** Operational MODE: preforking+threaded ***
spawned uWSGI master process (pid: 4629)
spawned uWSGI worker 1 (pid: 4636, cores: 2)
spawned uWSGI worker 2 (pid: 4637, cores: 2)
*** Stats server enabled on 127.0.0.1:9191 fd: 20 ***
spawned uWSGI http 1 (pid: 4638)
Python auto-reloader enabled
Warning: ADMIN_PASSWORD environment variable not set. Using default password 'admin'.
Warning: ADMIN_PASSWORD environment variable not set. Using default password 'admin'.
WSGI app 0 (mountpoint='') ready in 0 seconds on interpreter 0x7f100fb25b18 pid: 4637 (default app)
WSGI app 0 (mountpoint='') ready in 0 seconds on interpreter 0x7f100fb25b18 pid: 4636 (default app)
gateway "uWSGI http 1" has been buried (pid: 4638)
...brutally killing workers...
*** Starting uWSGI 2.0.28 (64bit) on [Sun Mar  9 10:49:44 2025] ***
compiled with version: 13.2.0 on 01 January 1980 00:00:00
os: Linux-6.2.16 #1-NixOS SMP PREEMPT_DYNAMIC Tue Jan  1 00:00:00 UTC 1980
nodename: 99f49ff5867c
machine: x86_64
clock source: unix
detected number of CPU cores: 8
current working directory: /home/runner/workspace
detected binary path: /home/runner/workspace/.pythonlibs/bin/uwsgi
!!! no internal routing support, rebuild with pcre support !!!
your memory page size is 4096 bytes
 *** WARNING: you have enabled harakiri without post buffering. Slow upload could be rejected on post-unbuffered webservers *** 
detected max file descriptor number: 83886
!!! no /etc/mime.types file found !!!
lock engine: pthread robust mutexes
thunder lock: disabled (you can enable it with --thunder-lock)
uWSGI http bound on 0.0.0.0:5000 fd 11
uwsgi socket 0 bound to TCP address 127.0.0.1:35945 (port auto-assigned) fd 10
Python version: 3.11.10 (main, Sep  7 2024, 01:03:31) [GCC 13.3.0]
Python main interpreter initialized at 0x7fec00fbfb18
python threads support enabled
your server socket listen backlog is limited to 100 connections
your mercy for graceful operations on workers is 60 seconds
mapped 250032 bytes (244 KB) for 4 cores
*** Operational MODE: preforking+threaded ***
gracefully (RE)spawned uWSGI master process (pid: 4629)
spawned uWSGI worker 1 (pid: 4749, cores: 2)
spawned uWSGI worker 2 (pid: 4750, cores: 2)
*** Stats server enabled on 127.0.0.1:9191 fd: 19 ***
spawned uWSGI http 1 (pid: 4751)
Python auto-reloader enabled
Warning: ADMIN_PASSWORD environment variable not set. Using default password 'admin'.
WSGI app 0 (mountpoint='') ready in 1 seconds on interpreter 0x7fec00fbfb18 pid: 4749 (default app)
Warning: ADMIN_PASSWORD environment variable not set. Using default password 'admin'.
WSGI app 0 (mountpoint='') ready in 1 seconds on interpreter 0x7fec00fbfb18 pid: 4750 (default app)
*** Starting uWSGI 2.0.28 (64bit) on [Sun Mar  9 10:49:46 2025] ***
compiled with version: 13.2.0 on 01 January 1980 00:00:00
os: Linux-6.2.16 #1-NixOS SMP PREEMPT_DYNAMIC Tue Jan  1 00:00:00 UTC 1980
nodename: 99f49ff5867c
machine: x86_64
clock source: unix
detected number of CPU cores: 8
current working directory: /home/runner/workspace
detected binary path: /home/runner/workspace/.pythonlibs/bin/uwsgi
!!! no internal routing support, rebuild with pcre support !!!
your memory page size is 4096 bytes
 *** WARNING: you have enabled harakiri without post buffering. Slow upload could be rejected on post-unbuffered webservers *** 
detected max file descriptor number: 83886
!!! no /etc/mime.types file found !!!
lock engine: pthread robust mutexes
thunder lock: disabled (you can enable it with --thunder-lock)
uWSGI http bound on 0.0.0.0:5000 fd 10
uwsgi socket 0 bound to TCP address 127.0.0.1:45077 (port auto-assigned) fd 9
Python version: 3.11.10 (main, Sep  7 2024, 01:03:31) [GCC 13.3.0]
Python main interpreter initialized at 0x7fcf47306b18
python threads support enabled
your server socket listen backlog is limited to 100 connections
your mercy for graceful operations on workers is 60 seconds
mapped 250032 bytes (244 KB) for 4 cores
*** Operational MODE: preforking+threaded ***
spawned uWSGI master process (pid: 4759)
spawned uWSGI worker 1 (pid: 4766, cores: 2)
spawned uWSGI worker 2 (pid: 4767, cores: 2)
*** Stats server enabled on 127.0.0.1:9191 fd: 20 ***
spawned uWSGI http 1 (pid: 4768)
Python auto-reloader enabled
Warning: ADMIN_PASSWORD environment variable not set. Using default password 'admin'.
Warning: ADMIN_PASSWORD environment variable not set. Using default password 'admin'.
WSGI app 0 (mountpoint='') ready in 1 seconds on interpreter 0x7fcf47306b18 pid: 4766 (default app)
WSGI app 0 (mountpoint='') ready in 1 seconds on interpreter 0x7fcf47306b18 pid: 4767 (default app)
gateway "uWSGI http 1" has been buried (pid: 4768)
...brutally killing workers...
*** Starting uWSGI 2.0.28 (64bit) on [Sun Mar  9 10:53:34 2025] ***
compiled with version: 13.2.0 on 01 January 1980 00:00:00
os: Linux-6.2.16 #1-NixOS SMP PREEMPT_DYNAMIC Tue Jan  1 00:00:00 UTC 1980
nodename: 99f49ff5867c
machine: x86_64
clock source: unix
detected number of CPU cores: 8
current working directory: /home/runner/workspace
detected binary path: /home/runner/workspace/.pythonlibs/bin/uwsgi
!!! no internal routing support, rebuild with pcre support !!!
your memory page size is 4096 bytes
 *** WARNING: you have enabled harakiri without post buffering. Slow upload could be rejected on post-unbuffered webservers *** 
detected max file descriptor number: 83886
!!! no /etc/mime.types file found !!!
lock engine: pthread robust mutexes
thunder lock: disabled (you can enable it with --thunder-lock)
uWSGI http bound on 0.0.0.0:5000 fd 11
uwsgi socket 0 bound to TCP address 127.0.0.1:33739 (port auto-assigned) fd 10
Python version: 3.11.10 (main, Sep  7 2024, 01:03:31) [GCC 13.3.0]
Python main interpreter initialized at 0x7f519879cb18
python threads support enabled
your server socket listen backlog is limited to 100 connections
your mercy for graceful operations on workers is 60 seconds
mapped 250032 bytes (244 KB) for 4 cores
*** Operational MODE: preforking+threaded ***
gracefully (RE)spawned uWSGI master process (pid: 4759)
spawned uWSGI worker 1 (pid: 4849, cores: 2)
spawned uWSGI worker 2 (pid: 4850, cores: 2)
*** Stats server enabled on 127.0.0.1:9191 fd: 19 ***
spawned uWSGI http 1 (pid: 4851)
Python auto-reloader enabled
Warning: ADMIN_PASSWORD environment variable not set. Using default password 'admin'.
WSGI app 0 (mountpoint='') ready in 0 seconds on interpreter 0x7f519879cb18 pid: 4849 (default app)
Warning: ADMIN_PASSWORD environment variable not set. Using default password 'admin'.
WSGI app 0 (mountpoint='') ready in 0 seconds on interpreter 0x7f519879cb18 pid: 4850 (default app)
